Summary of configuration for Project: Cli
--------------------------------------------------------------------------------
    Script dir: /home/nicolas/GitRepo/defects4j/framework
      Base dir: /home/nicolas/GitRepo/defects4j
    Major root: /home/nicolas/GitRepo/defects4j/major
      Repo dir: /home/nicolas/GitRepo/defects4j/project_repos
--------------------------------------------------------------------------------
    Project ID: Cli
       Program: commons-cli
    Build file: /home/nicolas/GitRepo/defects4j/framework/projects/Cli/Cli.build.xml
--------------------------------------------------------------------------------
           Vcs: Vcs::Git
    Repository: /home/nicolas/GitRepo/defects4j/project_repos/commons-cli.git
     Commit db: /home/nicolas/GitRepo/defects4j/framework/projects/Cli/active-bugs.csv
Number of bugs: 39
--------------------------------------------------------------------------------

Summary for Bug: Cli-16
--------------------------------------------------------------------------------
Revision ID (fixed version):
f104dd060c6c88450ac9ee9eb818b26374512440
--------------------------------------------------------------------------------
Revision date (fixed version):
2008-07-24 20:28:16 +0000
--------------------------------------------------------------------------------
Bug report id:
CLI-123
--------------------------------------------------------------------------------
Bug report url:
https://issues.apache.org/jira/browse/CLI-123
--------------------------------------------------------------------------------
Root cause in triggering tests:
 - org.apache.commons.cli2.bug.BugCLI123Test::testMultipleChildOptions
   --> org.apache.commons.cli2.OptionException: Missing option parentOptions
 - org.apache.commons.cli2.bug.BugCLI123Test::testParentOptionAndChildOption
   --> junit.framework.AssertionFailedError: Maximum restriction for parent not verified!
 - org.apache.commons.cli2.bug.BugCLI123Test::testSingleChildOption
   --> org.apache.commons.cli2.OptionException: Missing option parentOptions
 - org.apache.commons.cli2.commandline.DefaultingCommandLineTest::testGetOptions_Order
   --> junit.framework.AssertionFailedError: expected same:<[--help (-?,-h)|login <username>] [<target1> [<target2> ...]]> was not:<[--help (-?,-h)]>
 - org.apache.commons.cli2.commandline.PreferencesCommandLineTest::testGetOptions_Order
   --> junit.framework.AssertionFailedError: expected same:<[--help (-?,-h)|login <username>] [<target1> [<target2> ...]]> was not:<[--help (-?,-h)]>
 - org.apache.commons.cli2.commandline.PropertiesCommandLineTest::testGetOptions_Order
   --> junit.framework.AssertionFailedError: expected same:<[--help (-?,-h)|login <username>] [<target1> [<target2> ...]]> was not:<[--help (-?,-h)]>
 - org.apache.commons.cli2.commandline.WriteableCommandLineImplTest::testGetOptions_Order
   --> junit.framework.AssertionFailedError: expected same:<[--help (-?,-h)|login <username>] [<target1> [<target2> ...]]> was not:<[--help (-?,-h)]>
--------------------------------------------------------------------------------
List of modified sources:
 - org.apache.commons.cli2.Option
 - org.apache.commons.cli2.commandline.WriteableCommandLineImpl
 - org.apache.commons.cli2.option.GroupImpl
 - org.apache.commons.cli2.option.OptionImpl
--------------------------------------------------------------------------------
