15:15:29.828 [main] INFO  JaguarDF - Welcome to Jaguar-DF CLI!
15:15:29.893 [main] DEBUG JaguarDF - CLI Arguments: [--projectDir, d4jprojects/jackson-core, --classesDir, target/classes, --testsDir, target/test-classes, --tests, tests.out, --logLevel, INFO]
java.lang.NumberFormatException: Value "NaN" can not be represented as BigDecimal
	at com.fasterxml.jackson.core.io.NumberInput._badBigDecimal(NumberInput.java:317)
	at com.fasterxml.jackson.core.io.NumberInput.parseBigDecimal(NumberInput.java:298)
	at com.fasterxml.jackson.core.base.ParserBase.convertNumberToBigDecimal(ParserBase.java:958)
	at com.fasterxml.jackson.core.base.ParserBase.getDecimalValue(ParserBase.java:714)
	at com.fasterxml.jackson.core.json.TestParserNonStandard._testAllowNaN(TestParserNonStandard.java:390)
	at com.fasterxml.jackson.core.json.TestParserNonStandard.testAllowNaN(TestParserNonStandard.java:63)
	at sun.reflect.NativeMethodAccessorImpl.invoke0(Native Method)
	at sun.reflect.NativeMethodAccessorImpl.invoke(NativeMethodAccessorImpl.java:62)
	at sun.reflect.DelegatingMethodAccessorImpl.invoke(DelegatingMethodAccessorImpl.java:43)
	at java.lang.reflect.Method.invoke(Method.java:498)
	at junit.framework.TestCase.runTest(TestCase.java:168)
	at junit.framework.TestCase.runBare(TestCase.java:134)
	at junit.framework.TestResult$1.protect(TestResult.java:110)
	at junit.framework.TestResult.runProtected(TestResult.java:128)
	at junit.framework.TestResult.run(TestResult.java:113)
	at junit.framework.TestCase.run(TestCase.java:124)
	at junit.framework.TestSuite.runTest(TestSuite.java:243)
	at junit.framework.TestSuite.run(TestSuite.java:238)
	at org.junit.internal.runners.JUnit38ClassRunner.run(JUnit38ClassRunner.java:83)
	at org.junit.runners.Suite.runChild(Suite.java:128)
	at org.junit.runners.Suite.runChild(Suite.java:24)
	at org.junit.runners.ParentRunner$3.run(ParentRunner.java:193)
	at org.junit.runners.ParentRunner$1.schedule(ParentRunner.java:52)
	at org.junit.runners.ParentRunner.runChildren(ParentRunner.java:191)
	at org.junit.runners.ParentRunner.access$000(ParentRunner.java:42)
	at org.junit.runners.ParentRunner$2.evaluate(ParentRunner.java:184)
	at org.junit.runners.ParentRunner.run(ParentRunner.java:236)
	at org.junit.runner.JUnitCore.run(JUnitCore.java:157)
	at org.junit.runner.JUnitCore.run(JUnitCore.java:136)
	at org.junit.runner.JUnitCore.run(JUnitCore.java:117)
	at br.usp.each.saeg.jaguardf.cli.JaguarRunner.run(JaguarRunner.java:64)
	at br.usp.each.saeg.jaguardf.cli.JaguarRunner.main(JaguarRunner.java:96)
java.lang.NumberFormatException: Value "NaN" can not be represented as BigDecimal
	at com.fasterxml.jackson.core.io.NumberInput._badBigDecimal(NumberInput.java:317)
	at com.fasterxml.jackson.core.io.NumberInput.parseBigDecimal(NumberInput.java:298)
	at com.fasterxml.jackson.core.base.ParserBase.convertNumberToBigDecimal(ParserBase.java:958)
	at com.fasterxml.jackson.core.base.ParserBase.getDecimalValue(ParserBase.java:714)
	at com.fasterxml.jackson.core.json.TestParserNonStandard._testAllowNaN(TestParserNonStandard.java:390)
	at com.fasterxml.jackson.core.json.TestParserNonStandard.testAllowNaN(TestParserNonStandard.java:64)
	at sun.reflect.NativeMethodAccessorImpl.invoke0(Native Method)
	at sun.reflect.NativeMethodAccessorImpl.invoke(NativeMethodAccessorImpl.java:62)
	at sun.reflect.DelegatingMethodAccessorImpl.invoke(DelegatingMethodAccessorImpl.java:43)
	at java.lang.reflect.Method.invoke(Method.java:498)
	at junit.framework.TestCase.runTest(TestCase.java:168)
	at junit.framework.TestCase.runBare(TestCase.java:134)
	at junit.framework.TestResult$1.protect(TestResult.java:110)
	at junit.framework.TestResult.runProtected(TestResult.java:128)
	at junit.framework.TestResult.run(TestResult.java:113)
	at junit.framework.TestCase.run(TestCase.java:124)
	at junit.framework.TestSuite.runTest(TestSuite.java:243)
	at junit.framework.TestSuite.run(TestSuite.java:238)
	at org.junit.internal.runners.JUnit38ClassRunner.run(JUnit38ClassRunner.java:83)
	at org.junit.runners.Suite.runChild(Suite.java:128)
	at org.junit.runners.Suite.runChild(Suite.java:24)
	at org.junit.runners.ParentRunner$3.run(ParentRunner.java:193)
	at org.junit.runners.ParentRunner$1.schedule(ParentRunner.java:52)
	at org.junit.runners.ParentRunner.runChildren(ParentRunner.java:191)
	at org.junit.runners.ParentRunner.access$000(ParentRunner.java:42)
	at org.junit.runners.ParentRunner$2.evaluate(ParentRunner.java:184)
	at org.junit.runners.ParentRunner.run(ParentRunner.java:236)
	at org.junit.runner.JUnitCore.run(JUnitCore.java:157)
	at org.junit.runner.JUnitCore.run(JUnitCore.java:136)
	at org.junit.runner.JUnitCore.run(JUnitCore.java:117)
	at br.usp.each.saeg.jaguardf.cli.JaguarRunner.run(JaguarRunner.java:64)
	at br.usp.each.saeg.jaguardf.cli.JaguarRunner.main(JaguarRunner.java:96)
15:16:57.601 [main] INFO  JaguarDF - Jaguar-DF has finished!

real	1m28.257s
user	1m37.268s
sys	0m4.739s
