Summary of configuration for Project: Jsoup
--------------------------------------------------------------------------------
    Script dir: /home/nicolas/GitRepo/defects4j/framework
      Base dir: /home/nicolas/GitRepo/defects4j
    Major root: /home/nicolas/GitRepo/defects4j/major
      Repo dir: /home/nicolas/GitRepo/defects4j/project_repos
--------------------------------------------------------------------------------
    Project ID: Jsoup
       Program: jsoup
    Build file: /home/nicolas/GitRepo/defects4j/framework/projects/Jsoup/Jsoup.build.xml
--------------------------------------------------------------------------------
           Vcs: Vcs::Git
    Repository: /home/nicolas/GitRepo/defects4j/project_repos/jsoup.git
     Commit db: /home/nicolas/GitRepo/defects4j/framework/projects/Jsoup/active-bugs.csv
Number of bugs: 93
--------------------------------------------------------------------------------

Summary for Bug: Jsoup-34
--------------------------------------------------------------------------------
Revision ID (fixed version):
88730bf9f399aab6a150212faeea012598be9ec6
--------------------------------------------------------------------------------
Revision date (fixed version):
2013-10-06 15:36:25 -0700
--------------------------------------------------------------------------------
Bug report id:
349
--------------------------------------------------------------------------------
Bug report url:
https://github.com/jhy/jsoup/issues/349
--------------------------------------------------------------------------------
Root cause in triggering tests:
 - org.jsoup.parser.CharacterReaderTest::nextIndexOfUnmatched
   --> java.lang.ArrayIndexOutOfBoundsException: 8
 - org.jsoup.parser.HtmlParserTest::handlesUnclosedCdataAtEOF
   --> java.lang.ArrayIndexOutOfBoundsException: 11
--------------------------------------------------------------------------------
List of modified sources:
 - org.jsoup.parser.CharacterReader
--------------------------------------------------------------------------------
